[0.865s] Invoking command in '/home/har6910/ros2_ws/src/mypkg': CONDA_PROMPT_MODIFIER=(base) PYTHONPATH=/home/har6910/ros2_ws/src/mypkg/build/mypkg/prefix_override:/usr/lib/python3/dist-packages/colcon_core/task/python/colcon_distutils_commands:/home/har6910/ros2_ws/src/mypkg/install/mypkg/lib/python3.10/site-packages:${PYTHONPATH} /usr/bin/python3 -W ignore:setup.py install is deprecated -W ignore:easy_install command is deprecated setup.py egg_info --egg-base build/mypkg build --build-base /home/har6910/ros2_ws/src/mypkg/build/mypkg/build install --record /home/har6910/ros2_ws/src/mypkg/build/mypkg/install.log --single-version-externally-managed install_data
[1.110s] running egg_info
[1.112s] creating build/mypkg/mypkg.egg-info
[1.113s] writing build/mypkg/mypkg.egg-info/PKG-INFO
[1.114s] writing dependency_links to build/mypkg/mypkg.egg-info/dependency_links.txt
[1.114s] writing entry points to build/mypkg/mypkg.egg-info/entry_points.txt
[1.115s] writing requirements to build/mypkg/mypkg.egg-info/requires.txt
[1.115s] writing top-level names to build/mypkg/mypkg.egg-info/top_level.txt
[1.116s] writing manifest file 'build/mypkg/mypkg.egg-info/SOURCES.txt'
[1.119s] reading manifest file 'build/mypkg/mypkg.egg-info/SOURCES.txt'
[1.121s] writing manifest file 'build/mypkg/mypkg.egg-info/SOURCES.txt'
[1.124s] running build
[1.124s] running build_py
[1.125s] creating /home/har6910/ros2_ws/src/mypkg/build/mypkg/build
[1.125s] creating /home/har6910/ros2_ws/src/mypkg/build/mypkg/build/lib
[1.125s] creating /home/har6910/ros2_ws/src/mypkg/build/mypkg/build/lib/mypkg
[1.126s] copying mypkg/listener.py -> /home/har6910/ros2_ws/src/mypkg/build/mypkg/build/lib/mypkg
[1.128s] copying mypkg/talker.py -> /home/har6910/ros2_ws/src/mypkg/build/mypkg/build/lib/mypkg
[1.129s] copying mypkg/__init__.py -> /home/har6910/ros2_ws/src/mypkg/build/mypkg/build/lib/mypkg
[1.129s] running install
[1.129s] running install_lib
[1.130s] creating /home/har6910/ros2_ws/src/mypkg/install/mypkg/lib/python3.10/site-packages/mypkg
[1.131s] copying /home/har6910/ros2_ws/src/mypkg/build/mypkg/build/lib/mypkg/listener.py -> /home/har6910/ros2_ws/src/mypkg/install/mypkg/lib/python3.10/site-packages/mypkg
[1.131s] copying /home/har6910/ros2_ws/src/mypkg/build/mypkg/build/lib/mypkg/talker.py -> /home/har6910/ros2_ws/src/mypkg/install/mypkg/lib/python3.10/site-packages/mypkg
[1.132s] copying /home/har6910/ros2_ws/src/mypkg/build/mypkg/build/lib/mypkg/__init__.py -> /home/har6910/ros2_ws/src/mypkg/install/mypkg/lib/python3.10/site-packages/mypkg
[1.132s] byte-compiling /home/har6910/ros2_ws/src/mypkg/install/mypkg/lib/python3.10/site-packages/mypkg/listener.py to listener.cpython-310.pyc
[1.133s] byte-compiling /home/har6910/ros2_ws/src/mypkg/install/mypkg/lib/python3.10/site-packages/mypkg/talker.py to talker.cpython-310.pyc
[1.134s] byte-compiling /home/har6910/ros2_ws/src/mypkg/install/mypkg/lib/python3.10/site-packages/mypkg/__init__.py to __init__.cpython-310.pyc
[1.134s] running install_data
[1.134s] creating /home/har6910/ros2_ws/src/mypkg/install/mypkg/share/ament_index
[1.135s] creating /home/har6910/ros2_ws/src/mypkg/install/mypkg/share/ament_index/resource_index
[1.135s] creating /home/har6910/ros2_ws/src/mypkg/install/mypkg/share/ament_index/resource_index/packages
[1.135s] copying resource/mypkg -> /home/har6910/ros2_ws/src/mypkg/install/mypkg/share/ament_index/resource_index/packages
[1.135s] copying package.xml -> /home/har6910/ros2_ws/src/mypkg/install/mypkg/share/mypkg
[1.136s] running install_egg_info
[1.138s] Copying build/mypkg/mypkg.egg-info to /home/har6910/ros2_ws/src/mypkg/install/mypkg/lib/python3.10/site-packages/mypkg-0.0.0-py3.10.egg-info
[1.139s] running install_scripts
[1.167s] Installing listener script to /home/har6910/ros2_ws/src/mypkg/install/mypkg/lib/mypkg
[1.167s] Installing talker script to /home/har6910/ros2_ws/src/mypkg/install/mypkg/lib/mypkg
[1.168s] writing list of installed files to '/home/har6910/ros2_ws/src/mypkg/build/mypkg/install.log'
[1.198s] Invoked command in '/home/har6910/ros2_ws/src/mypkg' returned '0': CONDA_PROMPT_MODIFIER=(base) PYTHONPATH=/home/har6910/ros2_ws/src/mypkg/build/mypkg/prefix_override:/usr/lib/python3/dist-packages/colcon_core/task/python/colcon_distutils_commands:/home/har6910/ros2_ws/src/mypkg/install/mypkg/lib/python3.10/site-packages:${PYTHONPATH} /usr/bin/python3 -W ignore:setup.py install is deprecated -W ignore:easy_install command is deprecated setup.py egg_info --egg-base build/mypkg build --build-base /home/har6910/ros2_ws/src/mypkg/build/mypkg/build install --record /home/har6910/ros2_ws/src/mypkg/build/mypkg/install.log --single-version-externally-managed install_data
